<?xml version="1.0" encoding="UTF-8"?>
<!-- Generated by org.testng.reporters.JUnitReportReporter -->
<testsuite hostname="Sagars-MacBook-Air.local" failures="0" tests="1" name="demopakage.dragdrop" time="1.096" errors="0" timestamp="2023-11-08T16:29:34 IST" skipped="0">
  <testcase classname="demopakage.dragdrop" name="dgdp1" time="1.096"/>
  <system-out/>
</testsuite> <!-- demopakage.dragdrop -->
